#
# There is insufficient memory for the Java Runtime Environment to continue.
# Native memory allocation (mmap) failed to map 467664896 bytes for Failed to commit area from 0x0000000642200000 to 0x000000065e000000 of length 467664896.
# Possible reasons:
#   The system is out of physical RAM or swap space
#   The process is running with CompressedOops enabled, and the Java Heap may be blocking the growth of the native heap
# Possible solutions:
#   Reduce memory load on the system
#   Increase physical memory or swap space
#   Check if swap backing store is full
#   Decrease Java heap size (-Xmx/-Xms)
#   Decrease number of Java threads
#   Decrease Java thread stack sizes (-Xss)
#   Set larger code cache with -XX:ReservedCodeCacheSize=
# This output file may be truncated or incomplete.
#
#  Out of Memory Error (./src/hotspot/os/windows/os_windows.cpp:3619), pid=30472, tid=26748
#
# JRE version:  (11.0.13+7) (build )
# Java VM: OpenJDK 64-Bit Server VM (11.0.13+7-b1751.19, mixed mode, sharing, tiered, compressed oops, g1 gc, windows-amd64)
# No core dump will be written. Minidumps are not enabled by default on client versions of Windows
#

---------------  S U M M A R Y ------------

Command Line: git4idea.http.GitAskPassApp Username for 'http://git.dianliantech.com': 

Host: AMD Ryzen 7 5800H with Radeon Graphics         , 16 cores, 27G,  Windows 11 , 64 bit Build 22000 (10.0.22000.708)
Time: Tue Sep  6 04:52:19 2022 中国标准时间 elapsed time: 0.031192 seconds (0d 0h 0m 0s)

---------------  T H R E A D  ---------------

Current thread (0x0000019ae8903000):  JavaThread "Unknown thread" [_thread_in_vm, id=26748, stack(0x000000234ae00000,0x000000234af00000)]

Stack: [0x000000234ae00000,0x000000234af00000]
Native frames: (J=compiled Java code, j=interpreted, Vv=VM code, C=native code)
V  [jvm.dll+0x613ada]
V  [jvm.dll+0x799a80]
V  [jvm.dll+0x79b09d]
V  [jvm.dll+0x79b773]
V  [jvm.dll+0x24c4c8]
V  [jvm.dll+0x610b64]
V  [jvm.dll+0x605855]
V  [jvm.dll+0x30aaeb]
V  [jvm.dll+0x30aa5a]
V  [jvm.dll+0x30a932]
V  [jvm.dll+0x30f896]
V  [jvm.dll+0x359293]
V  [jvm.dll+0x359996]
V  [jvm.dll+0x359393]
V  [jvm.dll+0x2e5308]
V  [jvm.dll+0x2e64b7]
V  [jvm.dll+0x7769c7]
V  [jvm.dll+0x7781bc]
V  [jvm.dll+0x366829]
V  [jvm.dll+0x75a52e]
V  [jvm.dll+0x3d4923]
V  [jvm.dll+0x3d6e91]
C  [jli.dll+0x536b]
C  [ucrtbase.dll+0x26c0c]
C  [KERNEL32.DLL+0x154e0]
C  [ntdll.dll+0x485b]


---------------  P R O C E S S  ---------------

Threads class SMR info:
_java_thread_list=0x0000019ae6781600, length=0, elements={
}

Java Threads: ( => current thread )

Other Threads:
  0x0000019ae891c800 GCTaskThread "GC Thread#0" [stack: 0x000000234af00000,0x000000234b000000] [id=29900]
  0x0000019ae89bb000 ConcurrentGCThread "G1 Main Marker" [stack: 0x000000234b000000,0x000000234b100000] [id=29948]
  0x0000019ae89bd800 ConcurrentGCThread "G1 Conc#0" [stack: 0x000000234b100000,0x000000234b200000] [id=24488]

[error occurred during error reporting (printing all threads), id 0xc0000005, EXCEPTION_ACCESS_VIOLATION (0xc0000005) at pc=0x00007fff21aa5b77]

VM state:not at safepoint (not fully initialized)

VM Mutex/Monitor currently owned by a thread:  ([mutex/lock_event])
[0x0000019ae8900520] Heap_lock - owner thread: 0x0000019ae8903000

Heap address: 0x0000000642200000, size: 7134 MB, Compressed Oops mode: Non-zero based: 0x0000000642200000
Narrow klass base: 0x0000000000000000, Narrow klass shift: 0

GC Heap History (0 events):
No events

Deoptimization events (0 events):
No events

Classes redefined (0 events):
No events

Internal exceptions (0 events):
No events

Events (1 events):
Event: 0.029 Loaded shared library D:\soft\PyCharm Community Edition 2021.3\jbr\bin\zip.dll


Dynamic libraries:
0x00007ff6b8590000 - 0x00007ff6b859a000 	D:\soft\PyCharm Community Edition 2021.3\jbr\bin\java.exe
0x00007fff71920000 - 0x00007fff71b29000 	C:\Windows\SYSTEM32\ntdll.dll
0x00007fff6f810000 - 0x00007fff6f8cd000 	C:\Windows\System32\KERNEL32.DLL
0x00007fff6f430000 - 0x00007fff6f7a9000 	C:\Windows\System32\KERNELBASE.dll
0x00007fff6f310000 - 0x00007fff6f421000 	C:\Windows\System32\ucrtbase.dll
0x00007fff40d70000 - 0x00007fff40d89000 	D:\soft\PyCharm Community Edition 2021.3\jbr\bin\jli.dll
0x00007fff3b670000 - 0x00007fff3b687000 	D:\soft\PyCharm Community Edition 2021.3\jbr\bin\VCRUNTIME140.dll
0x00007fff71590000 - 0x00007fff7173c000 	C:\Windows\System32\USER32.dll
0x00007fff6f260000 - 0x00007fff6f286000 	C:\Windows\System32\win32u.dll
0x00007fff70e80000 - 0x00007fff70ea9000 	C:\Windows\System32\GDI32.dll
0x00007fff59420000 - 0x00007fff596c5000 	C:\Windows\WinSxS\amd64_microsoft.windows.common-controls_6595b64144ccf1df_6.0.22000.120_none_9d947278b86cc467\COMCTL32.dll
0x00007fff6f140000 - 0x00007fff6f252000 	C:\Windows\System32\gdi32full.dll
0x00007fff6ff30000 - 0x00007fff6ffd3000 	C:\Windows\System32\msvcrt.dll
0x00007fff6ee00000 - 0x00007fff6ee9d000 	C:\Windows\System32\msvcp_win.dll
0x00007fff6fdd0000 - 0x00007fff6fe01000 	C:\Windows\System32\IMM32.DLL
0x00007fff0bcf0000 - 0x00007fff0bd8d000 	D:\soft\PyCharm Community Edition 2021.3\jbr\bin\msvcp140.dll
0x00007fff217b0000 - 0x00007fff22326000 	D:\soft\PyCharm Community Edition 2021.3\jbr\bin\server\jvm.dll
0x00007fff71320000 - 0x00007fff713ce000 	C:\Windows\System32\ADVAPI32.dll
0x00007fff71740000 - 0x00007fff717de000 	C:\Windows\System32\sechost.dll
0x00007fff70590000 - 0x00007fff706b0000 	C:\Windows\System32\RPCRT4.dll
0x00007fff6fff0000 - 0x00007fff6fff8000 	C:\Windows\System32\PSAPI.DLL
0x00007fff6a940000 - 0x00007fff6a949000 	C:\Windows\SYSTEM32\WSOCK32.dll
0x00007fff67720000 - 0x00007fff67753000 	C:\Windows\SYSTEM32\WINMM.dll
0x00007fff66d50000 - 0x00007fff66d5a000 	C:\Windows\SYSTEM32\VERSION.dll
0x00007fff6fb20000 - 0x00007fff6fb8f000 	C:\Windows\System32\WS2_32.dll
0x00007fff6df00000 - 0x00007fff6df18000 	C:\Windows\SYSTEM32\kernel.appcore.dll
0x00007fff686c0000 - 0x00007fff686d1000 	D:\soft\PyCharm Community Edition 2021.3\jbr\bin\verify.dll
0x00007fff6bd40000 - 0x00007fff6bf61000 	C:\Windows\SYSTEM32\DBGHELP.DLL
0x00007fff5e1d0000 - 0x00007fff5e201000 	C:\Windows\SYSTEM32\dbgcore.DLL
0x00007fff6f290000 - 0x00007fff6f30f000 	C:\Windows\System32\bcryptPrimitives.dll
0x00007fff68690000 - 0x00007fff686b9000 	D:\soft\PyCharm Community Edition 2021.3\jbr\bin\java.dll
0x00007fff67e90000 - 0x00007fff67e9b000 	D:\soft\PyCharm Community Edition 2021.3\jbr\bin\jimage.dll
0x00007fff67e70000 - 0x00007fff67e88000 	D:\soft\PyCharm Community Edition 2021.3\jbr\bin\zip.dll

dbghelp: loaded successfully - version: 4.0.5 - missing functions: none
symbol engine: initialized successfully - sym options: 0x614 - pdb path: .;D:\soft\PyCharm Community Edition 2021.3\jbr\bin;C:\Windows\SYSTEM32;C:\Windows\WinSxS\amd64_microsoft.windows.common-controls_6595b64144ccf1df_6.0.22000.120_none_9d947278b86cc467;D:\soft\PyCharm Community Edition 2021.3\jbr\bin\server

VM Arguments:
java_command: git4idea.http.GitAskPassApp Username for 'http://git.dianliantech.com': 
java_class_path (initial): D:/soft/PyCharm Community Edition 2021.3/plugins/git4idea/lib/git4idea-rt.jar;D:/soft/PyCharm Community Edition 2021.3/lib/3rd-party.jar;D:/soft/PyCharm Community Edition 2021.3/lib/3rd-party-rt.jar
Launcher Type: SUN_STANDARD

[Global flags]
     intx CICompilerCount                          = 12                                        {product} {ergonomic}
     uint ConcGCThreads                            = 3                                         {product} {ergonomic}
     uint G1ConcRefinementThreads                  = 13                                        {product} {ergonomic}
   size_t G1HeapRegionSize                         = 1048576                                   {product} {ergonomic}
    uintx GCDrainStackTargetSize                   = 64                                        {product} {ergonomic}
   size_t InitialHeapSize                          = 467664896                                 {product} {ergonomic}
   size_t MarkStackSize                            = 4194304                                   {product} {ergonomic}
   size_t MaxHeapSize                              = 7480541184                                {product} {ergonomic}
   size_t MinHeapDeltaBytes                        = 1048576                                   {product} {ergonomic}
    uintx NonNMethodCodeHeapSize                   = 7594288                                {pd product} {ergonomic}
    uintx NonProfiledCodeHeapSize                  = 122031976                              {pd product} {ergonomic}
    uintx ProfiledCodeHeapSize                     = 122031976                              {pd product} {ergonomic}
    uintx ReservedCodeCacheSize                    = 251658240                              {pd product} {ergonomic}
     bool SegmentedCodeCache                       = true                                      {product} {ergonomic}
     bool UseCompressedClassPointers               = true                                 {lp64_product} {ergonomic}
     bool UseCompressedOops                        = true                                 {lp64_product} {ergonomic}
     bool UseG1GC                                  = true                                      {product} {ergonomic}
     bool UseLargePagesIndividualAllocation        = false                                  {pd product} {ergonomic}

Logging:
Log output configuration:
 #0: stdout all=warning uptime,level,tags
 #1: stderr all=off uptime,level,tags

Environment Variables:
JAVA_HOME=C:\Java\jdk1.8.0_271
CLASSPATH=.;C:\Java\jdk1.8.0_271\lib\dt.jar;C:\Java\jdk1.8.0_271\lib\tools.jar;
PATH=C:\Program Files\Git\mingw64\libexec\git-core;C:\Program Files\Git\mingw64\libexec\git-core;C:\Program Files\Git\mingw64\bin;C:\Program Files\Git\usr\bin;C:\Users\220901202\bin;D:\soft\python\Scripts;D:\soft\python;C:\Windows\system32;C:\Windows;C:\Windows\System32\Wbem;C:\Windows\System32\WindowsPowerShell\v1.0;C:\Windows\System32\OpenSSH;C:\Program Files\Git\cmd;C:\Java\jdk1.8.0_271\bin;C:\Java\jdk1.8.0_271\jre\bin;C:\Java\apache-maven-3.6.3\bin;C:\Users\220901202\AppData\Local\Microsoft\WindowsApps;D:\soft\PyCharm 2022.2.1\bin;D:\soft\PyCharm Community Edition 2021.3\bin
USERNAME=220901202
DISPLAY=:0.0
LC_ALL=en_US.UTF-8
OS=Windows_NT
PROCESSOR_IDENTIFIER=AMD64 Family 25 Model 80 Stepping 0, AuthenticAMD



---------------  S Y S T E M  ---------------

OS: Windows 11 , 64 bit Build 22000 (10.0.22000.708)
OS uptime: 3 days 10:46 hours

CPU:total 16 (initial active 16) (16 cores per cpu, 2 threads per core) family 25 model 80 stepping 0 microcode 0x0, cmov, cx8, fxsr, mmx, sse, sse2, sse3, ssse3, sse4.1, sse4.2, popcnt, avx, avx2, aes, clmul, erms, mmxext, 3dnowpref, lzcnt, sse4a, ht, tsc, tscinvbit, tscinv, bmi1, bmi2, adx, sha, fma

Memory: 4k page, system-wide physical 28534M (15089M free)
TotalPageFile size 74169M (AvailPageFile size 228M)
current process WorkingSet (physical memory assigned to process): 11M, peak: 11M
current process commit charge ("private bytes"): 72M, peak: 518M

vm_info: OpenJDK 64-Bit Server VM (11.0.13+7-b1751.19) for windows-amd64 JRE (11.0.13+7-b1751.19), built on Nov  9 2021 11:31:28 by "" with MS VC++ 14.0 (VS2015)

END.
